

*******************************************************************************
Fri Dec 22 18:05:50 2023


FIT:    data read from datafile using (log($1)):(log($2))
        format = x:z
        #datapoints = 199
        residuals are weighted equally (unit weight)

function used for fitting: f(x)
	f(x) = a*x + b
fitted parameters initialized with current variable values

iter      chisq       delta/lim  lambda   a             b            
   0 3.5109118491e+03   0.00e+00  3.22e+00    1.000000e+00   1.000000e+00
   4 7.3525679675e+01  -1.18e-06  3.22e-04   -2.705388e+00   1.500932e+01

After 4 iterations the fit converged.
final sum of squares of residuals : 73.5257
rel. change during last iteration : -1.17716e-11

degrees of freedom    (FIT_NDF)                        : 197
rms of residuals      (FIT_STDFIT) = sqrt(WSSR/ndf)    : 0.610923
variance of residuals (reduced chisquare) = WSSR/ndf   : 0.373227

Final set of parameters            Asymptotic Standard Error
=======================            ==========================
a               = -2.70539         +/- 0.04437      (1.64%)
b               = 15.0093          +/- 0.1971       (1.313%)

correlation matrix of the fit parameters:
                a      b      
a               1.000 
b              -0.976  1.000 
